2023-03-01 12:21:09,874 [Worker-2] INFO  o.e.m.c.i.l.LifecycleMappingFactory - Using org.eclipse.m2e.jdt.JarLifecycleMapping lifecycle mapping for MavenProject: com.Arjun:iocbasics:0.0.1-SNAPSHOT @ C:\Users\Arjun\Desktop\Springs\iocbasics\pom.xml.
2023-03-01 12:21:10,571 [Worker-2] INFO  o.e.m.j.i.AbstractJavaProjectConfigurator - Adding source folder /iocbasics/src/main/java
2023-03-01 12:21:10,573 [Worker-2] INFO  o.e.m.j.i.AbstractJavaProjectConfigurator - Adding resource folder /iocbasics/src/main/resources
2023-03-01 12:21:10,575 [Worker-2] INFO  o.e.m.j.i.AbstractJavaProjectConfigurator - Adding source folder /iocbasics/src/test/java
2023-03-01 12:21:10,575 [Worker-2] INFO  o.e.m.j.i.AbstractJavaProjectConfigurator - Adding resource folder /iocbasics/src/test/resources
2023-03-01 12:21:11,828 [Worker-11] WARN  o.e.m.c.i.embedder.EclipseLogger - Using platform encoding (Cp1252 actually) to copy filtered resources, i.e. build is platform dependent!
2023-03-01 12:21:11,835 [Worker-11] INFO  o.e.m.c.i.embedder.EclipseLogger - Copying 0 resource
2023-03-01 12:21:11,837 [Worker-11] WARN  o.e.m.c.i.embedder.EclipseLogger - Using platform encoding (Cp1252 actually) to copy filtered resources, i.e. build is platform dependent!
2023-03-01 12:21:11,839 [Worker-11] INFO  o.e.m.c.i.embedder.EclipseLogger - Copying 0 resource
2023-03-01 12:21:16,193 [Worker-14] WARN  o.e.m.c.i.embedder.EclipseLogger - Using platform encoding (Cp1252 actually) to copy filtered resources, i.e. build is platform dependent!
2023-03-01 12:21:16,198 [Worker-14] INFO  o.e.m.c.i.embedder.EclipseLogger - Copying 0 resource
2023-03-01 12:21:16,201 [Worker-14] WARN  o.e.m.c.i.embedder.EclipseLogger - Using platform encoding (Cp1252 actually) to copy filtered resources, i.e. build is platform dependent!
2023-03-01 12:21:16,204 [Worker-14] INFO  o.e.m.c.i.embedder.EclipseLogger - Copying 0 resource
2023-03-01 12:21:28,412 [Worker-6] WARN  o.e.m.c.i.embedder.EclipseLogger - Using platform encoding (Cp1252 actually) to copy filtered resources, i.e. build is platform dependent!
2023-03-01 12:21:28,419 [Worker-6] INFO  o.e.m.c.i.embedder.EclipseLogger - Copying 0 resource
2023-03-01 12:21:28,421 [Worker-6] WARN  o.e.m.c.i.embedder.EclipseLogger - Using platform encoding (Cp1252 actually) to copy filtered resources, i.e. build is platform dependent!
2023-03-01 12:21:28,423 [Worker-6] INFO  o.e.m.c.i.embedder.EclipseLogger - Copying 0 resource
2023-03-01 12:24:24,651 [Worker-19] INFO  o.e.m.c.i.l.LifecycleMappingFactory - Using org.eclipse.m2e.jdt.JarLifecycleMapping lifecycle mapping for MavenProject: com.Arjun:iocbasics:0.0.1-SNAPSHOT @ C:\Users\Arjun\Desktop\Springs\iocbasics\pom.xml.
2023-03-01 12:24:28,899 [Worker-19] INFO  o.e.m.c.i.e.AbstractTransferListenerAdapter - Downloading https://repo.maven.apache.org/maven2/org/springframework/spring-context/5.3.18/spring-context-5.3.18.pom
2023-03-01 12:24:29,588 [Worker-19] INFO  o.e.m.c.i.e.AbstractTransferListenerAdapter - Downloaded https://repo.maven.apache.org/maven2/org/springframework/spring-context/5.3.18/spring-context-5.3.18.pom
2023-03-01 12:24:30,296 [Worker-19] INFO  o.e.m.c.i.e.AbstractTransferListenerAdapter - Downloading https://repo.maven.apache.org/maven2/org/springframework/spring-aop/5.3.18/spring-aop-5.3.18.pom
2023-03-01 12:24:30,884 [Worker-19] INFO  o.e.m.c.i.e.AbstractTransferListenerAdapter - Downloaded https://repo.maven.apache.org/maven2/org/springframework/spring-aop/5.3.18/spring-aop-5.3.18.pom
2023-03-01 12:24:31,448 [Worker-19] INFO  o.e.m.c.i.e.AbstractTransferListenerAdapter - Downloading https://repo.maven.apache.org/maven2/org/springframework/spring-beans/5.3.18/spring-beans-5.3.18.pom
2023-03-01 12:24:32,462 [Worker-19] INFO  o.e.m.c.i.e.AbstractTransferListenerAdapter - Downloaded https://repo.maven.apache.org/maven2/org/springframework/spring-beans/5.3.18/spring-beans-5.3.18.pom
2023-03-01 12:24:33,366 [Worker-19] INFO  o.e.m.c.i.e.AbstractTransferListenerAdapter - Downloading https://repo.maven.apache.org/maven2/org/springframework/spring-core/5.3.18/spring-core-5.3.18.pom
2023-03-01 12:24:34,294 [Worker-19] INFO  o.e.m.c.i.e.AbstractTransferListenerAdapter - Downloaded https://repo.maven.apache.org/maven2/org/springframework/spring-core/5.3.18/spring-core-5.3.18.pom
2023-03-01 12:24:35,014 [Worker-19] INFO  o.e.m.c.i.e.AbstractTransferListenerAdapter - Downloading https://repo.maven.apache.org/maven2/org/springframework/spring-jcl/5.3.18/spring-jcl-5.3.18.pom
2023-03-01 12:24:35,637 [Worker-19] INFO  o.e.m.c.i.e.AbstractTransferListenerAdapter - Downloaded https://repo.maven.apache.org/maven2/org/springframework/spring-jcl/5.3.18/spring-jcl-5.3.18.pom
2023-03-01 12:24:36,234 [Worker-19] INFO  o.e.m.c.i.e.AbstractTransferListenerAdapter - Downloading https://repo.maven.apache.org/maven2/org/springframework/spring-expression/5.3.18/spring-expression-5.3.18.pom
2023-03-01 12:24:36,866 [Worker-19] INFO  o.e.m.c.i.e.AbstractTransferListenerAdapter - Downloaded https://repo.maven.apache.org/maven2/org/springframework/spring-expression/5.3.18/spring-expression-5.3.18.pom
2023-03-01 12:24:37,569 [Worker-19] INFO  o.e.m.c.i.e.AbstractTransferListenerAdapter - Downloading https://repo.maven.apache.org/maven2/org/springframework/spring-context/5.3.18/spring-context-5.3.18.jar
2023-03-01 12:25:05,014 [Worker-19] INFO  o.e.m.c.i.e.AbstractTransferListenerAdapter - Downloaded https://repo.maven.apache.org/maven2/org/springframework/spring-context/5.3.18/spring-context-5.3.18.jar
2023-03-01 12:25:05,736 [Worker-19] INFO  o.e.m.c.i.e.AbstractTransferListenerAdapter - Downloading https://repo.maven.apache.org/maven2/org/springframework/spring-aop/5.3.18/spring-aop-5.3.18.jar
2023-03-01 12:25:13,413 [Worker-19] INFO  o.e.m.c.i.e.AbstractTransferListenerAdapter - Downloaded https://repo.maven.apache.org/maven2/org/springframework/spring-aop/5.3.18/spring-aop-5.3.18.jar
2023-03-01 12:25:15,387 [Worker-19] INFO  o.e.m.c.i.e.AbstractTransferListenerAdapter - Downloading https://repo.maven.apache.org/maven2/org/springframework/spring-beans/5.3.18/spring-beans-5.3.18.jar
2023-03-01 12:25:30,725 [Worker-19] INFO  o.e.m.c.i.e.AbstractTransferListenerAdapter - Downloaded https://repo.maven.apache.org/maven2/org/springframework/spring-beans/5.3.18/spring-beans-5.3.18.jar
2023-03-01 12:25:31,635 [Worker-19] INFO  o.e.m.c.i.e.AbstractTransferListenerAdapter - Downloading https://repo.maven.apache.org/maven2/org/springframework/spring-core/5.3.18/spring-core-5.3.18.jar
2023-03-01 12:26:13,728 [Worker-19] INFO  o.e.m.c.i.e.AbstractTransferListenerAdapter - Downloaded https://repo.maven.apache.org/maven2/org/springframework/spring-core/5.3.18/spring-core-5.3.18.jar
2023-03-01 12:26:14,852 [Worker-19] INFO  o.e.m.c.i.e.AbstractTransferListenerAdapter - Downloading https://repo.maven.apache.org/maven2/org/springframework/spring-jcl/5.3.18/spring-jcl-5.3.18.jar
2023-03-01 12:26:17,413 [Worker-19] INFO  o.e.m.c.i.e.AbstractTransferListenerAdapter - Downloaded https://repo.maven.apache.org/maven2/org/springframework/spring-jcl/5.3.18/spring-jcl-5.3.18.jar
2023-03-01 12:26:18,139 [Worker-19] INFO  o.e.m.c.i.e.AbstractTransferListenerAdapter - Downloading https://repo.maven.apache.org/maven2/org/springframework/spring-expression/5.3.18/spring-expression-5.3.18.jar
2023-03-01 12:26:22,442 [Worker-19] INFO  o.e.m.c.i.e.AbstractTransferListenerAdapter - Downloaded https://repo.maven.apache.org/maven2/org/springframework/spring-expression/5.3.18/spring-expression-5.3.18.jar
2023-03-01 12:26:23,118 [Worker-19] WARN  o.e.m.c.i.embedder.EclipseLogger - Using platform encoding (Cp1252 actually) to copy filtered resources, i.e. build is platform dependent!
2023-03-01 12:26:23,122 [Worker-19] INFO  o.e.m.c.i.embedder.EclipseLogger - Copying 0 resource
2023-03-01 12:26:23,126 [Worker-19] WARN  o.e.m.c.i.embedder.EclipseLogger - Using platform encoding (Cp1252 actually) to copy filtered resources, i.e. build is platform dependent!
2023-03-01 12:26:23,129 [Worker-19] INFO  o.e.m.c.i.embedder.EclipseLogger - Copying 0 resource
2023-03-01 12:26:24,660 [Worker-21] WARN  o.e.m.c.i.embedder.EclipseLogger - Using platform encoding (Cp1252 actually) to copy filtered resources, i.e. build is platform dependent!
2023-03-01 12:26:24,662 [Worker-21] INFO  o.e.m.c.i.embedder.EclipseLogger - Copying 0 resource
2023-03-01 12:26:24,664 [Worker-21] WARN  o.e.m.c.i.embedder.EclipseLogger - Using platform encoding (Cp1252 actually) to copy filtered resources, i.e. build is platform dependent!
2023-03-01 12:26:24,668 [Worker-21] INFO  o.e.m.c.i.embedder.EclipseLogger - Copying 0 resource
2023-03-01 12:26:25,721 [Worker-19] WARN  o.e.m.c.i.embedder.EclipseLogger - Using platform encoding (Cp1252 actually) to copy filtered resources, i.e. build is platform dependent!
2023-03-01 12:26:25,722 [Worker-19] INFO  o.e.m.c.i.embedder.EclipseLogger - Copying 0 resource
2023-03-01 12:26:25,724 [Worker-19] WARN  o.e.m.c.i.embedder.EclipseLogger - Using platform encoding (Cp1252 actually) to copy filtered resources, i.e. build is platform dependent!
2023-03-01 12:26:25,725 [Worker-19] INFO  o.e.m.c.i.embedder.EclipseLogger - Copying 0 resource
2023-03-01 12:27:17,835 [Worker-22] WARN  o.e.m.c.i.embedder.EclipseLogger - Using platform encoding (Cp1252 actually) to copy filtered resources, i.e. build is platform dependent!
2023-03-01 12:27:17,837 [Worker-22] INFO  o.e.m.c.i.embedder.EclipseLogger - Copying 0 resource
2023-03-01 12:27:17,840 [Worker-22] WARN  o.e.m.c.i.embedder.EclipseLogger - Using platform encoding (Cp1252 actually) to copy filtered resources, i.e. build is platform dependent!
2023-03-01 12:27:17,841 [Worker-22] INFO  o.e.m.c.i.embedder.EclipseLogger - Copying 0 resource
2023-03-01 12:27:35,704 [Worker-4] WARN  o.e.m.c.i.embedder.EclipseLogger - Using platform encoding (Cp1252 actually) to copy filtered resources, i.e. build is platform dependent!
2023-03-01 12:27:35,707 [Worker-4] INFO  o.e.m.c.i.embedder.EclipseLogger - Copying 0 resource
2023-03-01 12:27:35,711 [Worker-4] WARN  o.e.m.c.i.embedder.EclipseLogger - Using platform encoding (Cp1252 actually) to copy filtered resources, i.e. build is platform dependent!
2023-03-01 12:27:35,714 [Worker-4] INFO  o.e.m.c.i.embedder.EclipseLogger - Copying 0 resource
2023-03-01 12:27:46,540 [Worker-21] WARN  o.e.m.c.i.embedder.EclipseLogger - Using platform encoding (Cp1252 actually) to copy filtered resources, i.e. build is platform dependent!
2023-03-01 12:27:46,542 [Worker-21] INFO  o.e.m.c.i.embedder.EclipseLogger - Copying 0 resource
2023-03-01 12:27:46,544 [Worker-21] WARN  o.e.m.c.i.embedder.EclipseLogger - Using platform encoding (Cp1252 actually) to copy filtered resources, i.e. build is platform dependent!
2023-03-01 12:27:46,546 [Worker-21] INFO  o.e.m.c.i.embedder.EclipseLogger - Copying 0 resource
2023-03-01 12:27:54,677 [Worker-21] WARN  o.e.m.c.i.embedder.EclipseLogger - Using platform encoding (Cp1252 actually) to copy filtered resources, i.e. build is platform dependent!
2023-03-01 12:27:54,679 [Worker-21] INFO  o.e.m.c.i.embedder.EclipseLogger - Copying 0 resource
2023-03-01 12:27:54,682 [Worker-21] WARN  o.e.m.c.i.embedder.EclipseLogger - Using platform encoding (Cp1252 actually) to copy filtered resources, i.e. build is platform dependent!
2023-03-01 12:27:54,684 [Worker-21] INFO  o.e.m.c.i.embedder.EclipseLogger - Copying 0 resource
2023-03-01 12:29:56,517 [Worker-24] WARN  o.e.m.c.i.embedder.EclipseLogger - Using platform encoding (Cp1252 actually) to copy filtered resources, i.e. build is platform dependent!
2023-03-01 12:29:56,520 [Worker-24] INFO  o.e.m.c.i.embedder.EclipseLogger - Copying 0 resource
2023-03-01 12:29:56,527 [Worker-24] WARN  o.e.m.c.i.embedder.EclipseLogger - Using platform encoding (Cp1252 actually) to copy filtered resources, i.e. build is platform dependent!
2023-03-01 12:29:56,530 [Worker-24] INFO  o.e.m.c.i.embedder.EclipseLogger - Copying 0 resource
2023-03-01 12:30:23,568 [Worker-20] WARN  o.e.m.c.i.embedder.EclipseLogger - Using platform encoding (Cp1252 actually) to copy filtered resources, i.e. build is platform dependent!
2023-03-01 12:30:23,572 [Worker-20] INFO  o.e.m.c.i.embedder.EclipseLogger - Copying 0 resource
2023-03-01 12:30:23,575 [Worker-20] WARN  o.e.m.c.i.embedder.EclipseLogger - Using platform encoding (Cp1252 actually) to copy filtered resources, i.e. build is platform dependent!
2023-03-01 12:30:23,577 [Worker-20] INFO  o.e.m.c.i.embedder.EclipseLogger - Copying 0 resource
2023-03-01 12:30:27,468 [Worker-25] WARN  o.e.m.c.i.embedder.EclipseLogger - Using platform encoding (Cp1252 actually) to copy filtered resources, i.e. build is platform dependent!
2023-03-01 12:30:27,471 [Worker-25] INFO  o.e.m.c.i.embedder.EclipseLogger - Copying 0 resource
2023-03-01 12:30:27,473 [Worker-25] WARN  o.e.m.c.i.embedder.EclipseLogger - Using platform encoding (Cp1252 actually) to copy filtered resources, i.e. build is platform dependent!
2023-03-01 12:30:27,475 [Worker-25] INFO  o.e.m.c.i.embedder.EclipseLogger - Copying 0 resource
2023-03-01 12:32:12,366 [Worker-25] WARN  o.e.m.c.i.embedder.EclipseLogger - Using platform encoding (Cp1252 actually) to copy filtered resources, i.e. build is platform dependent!
2023-03-01 12:32:12,368 [Worker-25] INFO  o.e.m.c.i.embedder.EclipseLogger - Copying 0 resource
2023-03-01 12:32:12,371 [Worker-25] WARN  o.e.m.c.i.embedder.EclipseLogger - Using platform encoding (Cp1252 actually) to copy filtered resources, i.e. build is platform dependent!
2023-03-01 12:32:12,374 [Worker-25] INFO  o.e.m.c.i.embedder.EclipseLogger - Copying 0 resource
2023-03-01 12:32:48,214 [Worker-26] WARN  o.e.r.models.ModelRepository - Failed to download org.eclipse.recommenders:index::zip:0.0.0
org.eclipse.aether.resolution.ArtifactResolutionException: Could not find artifact org.eclipse.recommenders:index:zip:0.0.0-SNAPSHOT in models (http://download.eclipse.org/recommenders/models/neon/)
	at org.eclipse.aether.internal.impl.DefaultArtifactResolver.resolve(DefaultArtifactResolver.java:444) ~[na:na]
	at org.eclipse.aether.internal.impl.DefaultArtifactResolver.resolveArtifacts(DefaultArtifactResolver.java:246) ~[na:na]
	at org.eclipse.aether.internal.impl.DefaultArtifactResolver.resolveArtifact(DefaultArtifactResolver.java:223) ~[na:na]
	at org.eclipse.aether.internal.impl.DefaultRepositorySystem.resolveArtifact(DefaultRepositorySystem.java:294) ~[na:na]
	at org.eclipse.recommenders.models.ModelRepository.resolveInternal(ModelRepository.java:220) [org.eclipse.recommenders.models_2.4.0.v20160607-1609.jar:na]
	at org.eclipse.recommenders.models.ModelRepository.resolve(ModelRepository.java:199) [org.eclipse.recommenders.models_2.4.0.v20160607-1609.jar:na]
	at org.eclipse.recommenders.internal.models.rcp.EclipseModelRepository.resolve(EclipseModelRepository.java:165) [org.eclipse.recommenders.models.rcp_2.4.0.v20160607-1609.jar:na]
	at org.eclipse.recommenders.internal.models.rcp.DownloadModelArchiveJob.run(DownloadModelArchiveJob.java:76) [org.eclipse.recommenders.models.rcp_2.4.0.v20160607-1609.jar:na]
	at org.eclipse.core.internal.jobs.Worker.run(Worker.java:55) [org.eclipse.core.jobs_3.8.0.v20160509-0411.jar:na]
Caused by: org.eclipse.aether.transfer.ArtifactNotFoundException: Could not find artifact org.eclipse.recommenders:index:zip:0.0.0-SNAPSHOT in models (http://download.eclipse.org/recommenders/models/neon/)
	at org.eclipse.aether.connector.basic.ArtifactTransportListener.transferFailed(ArtifactTransportListener.java:39) ~[org.eclipse.aether.connector.basic_1.0.1.v20141111.jar:na]
	at org.eclipse.aether.connector.basic.BasicRepositoryConnector$TaskRunner.run(BasicRepositoryConnector.java:355) ~[org.eclipse.aether.connector.basic_1.0.1.v20141111.jar:na]
	at org.eclipse.aether.util.concurrency.RunnableErrorForwarder$1.run(RunnableErrorForwarder.java:67) ~[na:na]
	at org.eclipse.aether.connector.basic.BasicRepositoryConnector$DirectExecutor.execute(BasicRepositoryConnector.java:581) ~[org.eclipse.aether.connector.basic_1.0.1.v20141111.jar:na]
	at org.eclipse.aether.connector.basic.BasicRepositoryConnector.get(BasicRepositoryConnector.java:249) ~[org.eclipse.aether.connector.basic_1.0.1.v20141111.jar:na]
	at org.eclipse.aether.internal.impl.DefaultArtifactResolver.performDownloads(DefaultArtifactResolver.java:520) ~[na:na]
	at org.eclipse.aether.internal.impl.DefaultArtifactResolver.resolve(DefaultArtifactResolver.java:421) ~[na:na]
	... 8 common frames omitted
2023-03-01 12:34:04,293 [Worker-22] WARN  o.e.m.c.i.embedder.EclipseLogger - Using platform encoding (Cp1252 actually) to copy filtered resources, i.e. build is platform dependent!
2023-03-01 12:34:04,297 [Worker-22] INFO  o.e.m.c.i.embedder.EclipseLogger - Copying 0 resource
2023-03-01 12:34:04,299 [Worker-22] WARN  o.e.m.c.i.embedder.EclipseLogger - Using platform encoding (Cp1252 actually) to copy filtered resources, i.e. build is platform dependent!
2023-03-01 12:34:04,301 [Worker-22] INFO  o.e.m.c.i.embedder.EclipseLogger - Copying 0 resource
2023-03-01 12:36:17,420 [Worker-23] WARN  o.e.m.c.i.embedder.EclipseLogger - Using platform encoding (Cp1252 actually) to copy filtered resources, i.e. build is platform dependent!
2023-03-01 12:36:17,424 [Worker-23] INFO  o.e.m.c.i.embedder.EclipseLogger - Copying 0 resource
2023-03-01 12:36:17,428 [Worker-23] WARN  o.e.m.c.i.embedder.EclipseLogger - Using platform encoding (Cp1252 actually) to copy filtered resources, i.e. build is platform dependent!
2023-03-01 12:36:17,431 [Worker-23] INFO  o.e.m.c.i.embedder.EclipseLogger - Copying 0 resource
2023-03-01 12:40:03,872 [Worker-32] WARN  o.e.m.c.i.embedder.EclipseLogger - Using platform encoding (Cp1252 actually) to copy filtered resources, i.e. build is platform dependent!
2023-03-01 12:40:03,883 [Worker-32] INFO  o.e.m.c.i.embedder.EclipseLogger - Copying 0 resource
2023-03-01 12:40:03,885 [Worker-32] WARN  o.e.m.c.i.embedder.EclipseLogger - Using platform encoding (Cp1252 actually) to copy filtered resources, i.e. build is platform dependent!
2023-03-01 12:40:03,888 [Worker-32] INFO  o.e.m.c.i.embedder.EclipseLogger - Copying 0 resource
2023-03-01 12:41:01,124 [Worker-28] WARN  o.e.m.c.i.embedder.EclipseLogger - Using platform encoding (Cp1252 actually) to copy filtered resources, i.e. build is platform dependent!
2023-03-01 12:41:01,127 [Worker-28] INFO  o.e.m.c.i.embedder.EclipseLogger - Copying 0 resource
2023-03-01 12:41:01,128 [Worker-28] WARN  o.e.m.c.i.embedder.EclipseLogger - Using platform encoding (Cp1252 actually) to copy filtered resources, i.e. build is platform dependent!
2023-03-01 12:41:01,132 [Worker-28] INFO  o.e.m.c.i.embedder.EclipseLogger - Copying 0 resource
2023-03-01 12:47:05,841 [Worker-38] WARN  o.e.m.c.i.embedder.EclipseLogger - Using platform encoding (Cp1252 actually) to copy filtered resources, i.e. build is platform dependent!
2023-03-01 12:47:05,844 [Worker-38] INFO  o.e.m.c.i.embedder.EclipseLogger - Copying 0 resource
2023-03-01 12:47:05,847 [Worker-38] WARN  o.e.m.c.i.embedder.EclipseLogger - Using platform encoding (Cp1252 actually) to copy filtered resources, i.e. build is platform dependent!
2023-03-01 12:47:05,849 [Worker-38] INFO  o.e.m.c.i.embedder.EclipseLogger - Copying 0 resource
2023-03-01 17:21:40,730 [Worker-3] WARN  o.e.m.c.i.embedder.EclipseLogger - Using platform encoding (Cp1252 actually) to copy filtered resources, i.e. build is platform dependent!
2023-03-01 17:21:40,738 [Worker-3] INFO  o.e.m.c.i.embedder.EclipseLogger - Copying 0 resource
2023-03-01 17:21:40,740 [Worker-3] WARN  o.e.m.c.i.embedder.EclipseLogger - Using platform encoding (Cp1252 actually) to copy filtered resources, i.e. build is platform dependent!
2023-03-01 17:21:40,742 [Worker-3] INFO  o.e.m.c.i.embedder.EclipseLogger - Copying 0 resource
2023-03-03 11:58:26,818 [Worker-4] WARN  o.e.m.c.i.embedder.EclipseLogger - Using platform encoding (Cp1252 actually) to copy filtered resources, i.e. build is platform dependent!
2023-03-03 11:58:26,839 [Worker-4] INFO  o.e.m.c.i.embedder.EclipseLogger - Copying 0 resource
2023-03-03 11:58:26,843 [Worker-4] WARN  o.e.m.c.i.embedder.EclipseLogger - Using platform encoding (Cp1252 actually) to copy filtered resources, i.e. build is platform dependent!
2023-03-03 11:58:26,848 [Worker-4] INFO  o.e.m.c.i.embedder.EclipseLogger - Copying 0 resource
2023-03-03 12:00:48,371 [Worker-0] WARN  o.e.m.c.i.embedder.EclipseLogger - Using platform encoding (Cp1252 actually) to copy filtered resources, i.e. build is platform dependent!
2023-03-03 12:00:48,388 [Worker-0] INFO  o.e.m.c.i.embedder.EclipseLogger - Copying 0 resource
2023-03-03 12:00:48,391 [Worker-0] WARN  o.e.m.c.i.embedder.EclipseLogger - Using platform encoding (Cp1252 actually) to copy filtered resources, i.e. build is platform dependent!
2023-03-03 12:00:48,400 [Worker-0] INFO  o.e.m.c.i.embedder.EclipseLogger - Copying 0 resource
2023-03-03 12:01:02,283 [Worker-11] WARN  o.e.m.c.i.embedder.EclipseLogger - Using platform encoding (Cp1252 actually) to copy filtered resources, i.e. build is platform dependent!
2023-03-03 12:01:02,287 [Worker-11] INFO  o.e.m.c.i.embedder.EclipseLogger - Copying 0 resource
2023-03-03 12:01:02,291 [Worker-11] WARN  o.e.m.c.i.embedder.EclipseLogger - Using platform encoding (Cp1252 actually) to copy filtered resources, i.e. build is platform dependent!
2023-03-03 12:01:02,293 [Worker-11] INFO  o.e.m.c.i.embedder.EclipseLogger - Copying 0 resource
2023-03-03 12:01:29,604 [Worker-0] WARN  o.e.r.models.ModelRepository - Failed to download org.eclipse.recommenders:index::zip:0.0.0
org.eclipse.aether.resolution.ArtifactResolutionException: Could not find artifact org.eclipse.recommenders:index:zip:0.0.0-SNAPSHOT in models (http://download.eclipse.org/recommenders/models/neon/)
	at org.eclipse.aether.internal.impl.DefaultArtifactResolver.resolve(DefaultArtifactResolver.java:444) ~[na:na]
	at org.eclipse.aether.internal.impl.DefaultArtifactResolver.resolveArtifacts(DefaultArtifactResolver.java:246) ~[na:na]
	at org.eclipse.aether.internal.impl.DefaultArtifactResolver.resolveArtifact(DefaultArtifactResolver.java:223) ~[na:na]
	at org.eclipse.aether.internal.impl.DefaultRepositorySystem.resolveArtifact(DefaultRepositorySystem.java:294) ~[na:na]
	at org.eclipse.recommenders.models.ModelRepository.resolveInternal(ModelRepository.java:220) [org.eclipse.recommenders.models_2.4.0.v20160607-1609.jar:na]
	at org.eclipse.recommenders.models.ModelRepository.resolve(ModelRepository.java:199) [org.eclipse.recommenders.models_2.4.0.v20160607-1609.jar:na]
	at org.eclipse.recommenders.internal.models.rcp.EclipseModelRepository.resolve(EclipseModelRepository.java:165) [org.eclipse.recommenders.models.rcp_2.4.0.v20160607-1609.jar:na]
	at org.eclipse.recommenders.internal.models.rcp.DownloadModelArchiveJob.run(DownloadModelArchiveJob.java:76) [org.eclipse.recommenders.models.rcp_2.4.0.v20160607-1609.jar:na]
	at org.eclipse.core.internal.jobs.Worker.run(Worker.java:55) [org.eclipse.core.jobs_3.8.0.v20160509-0411.jar:na]
Caused by: org.eclipse.aether.transfer.ArtifactNotFoundException: Could not find artifact org.eclipse.recommenders:index:zip:0.0.0-SNAPSHOT in models (http://download.eclipse.org/recommenders/models/neon/)
	at org.eclipse.aether.connector.basic.ArtifactTransportListener.transferFailed(ArtifactTransportListener.java:39) ~[org.eclipse.aether.connector.basic_1.0.1.v20141111.jar:na]
	at org.eclipse.aether.connector.basic.BasicRepositoryConnector$TaskRunner.run(BasicRepositoryConnector.java:355) ~[org.eclipse.aether.connector.basic_1.0.1.v20141111.jar:na]
	at org.eclipse.aether.util.concurrency.RunnableErrorForwarder$1.run(RunnableErrorForwarder.java:67) ~[na:na]
	at org.eclipse.aether.connector.basic.BasicRepositoryConnector$DirectExecutor.execute(BasicRepositoryConnector.java:581) ~[org.eclipse.aether.connector.basic_1.0.1.v20141111.jar:na]
	at org.eclipse.aether.connector.basic.BasicRepositoryConnector.get(BasicRepositoryConnector.java:249) ~[org.eclipse.aether.connector.basic_1.0.1.v20141111.jar:na]
	at org.eclipse.aether.internal.impl.DefaultArtifactResolver.performDownloads(DefaultArtifactResolver.java:520) ~[na:na]
	at org.eclipse.aether.internal.impl.DefaultArtifactResolver.resolve(DefaultArtifactResolver.java:421) ~[na:na]
	... 8 common frames omitted
2023-03-03 12:01:55,485 [Worker-0] WARN  o.e.m.c.i.embedder.EclipseLogger - Using platform encoding (Cp1252 actually) to copy filtered resources, i.e. build is platform dependent!
2023-03-03 12:01:55,487 [Worker-0] INFO  o.e.m.c.i.embedder.EclipseLogger - Copying 0 resource
2023-03-03 12:01:55,489 [Worker-0] WARN  o.e.m.c.i.embedder.EclipseLogger - Using platform encoding (Cp1252 actually) to copy filtered resources, i.e. build is platform dependent!
2023-03-03 12:01:55,492 [Worker-0] INFO  o.e.m.c.i.embedder.EclipseLogger - Copying 0 resource
2023-03-03 12:02:54,928 [Worker-8] WARN  o.e.m.c.i.embedder.EclipseLogger - Using platform encoding (Cp1252 actually) to copy filtered resources, i.e. build is platform dependent!
2023-03-03 12:02:54,931 [Worker-8] INFO  o.e.m.c.i.embedder.EclipseLogger - Copying 0 resource
2023-03-03 12:02:54,934 [Worker-8] WARN  o.e.m.c.i.embedder.EclipseLogger - Using platform encoding (Cp1252 actually) to copy filtered resources, i.e. build is platform dependent!
2023-03-03 12:02:54,936 [Worker-8] INFO  o.e.m.c.i.embedder.EclipseLogger - Copying 0 resource
2023-03-03 12:03:34,526 [Worker-5] WARN  o.e.m.c.i.embedder.EclipseLogger - Using platform encoding (Cp1252 actually) to copy filtered resources, i.e. build is platform dependent!
2023-03-03 12:03:34,530 [Worker-5] INFO  o.e.m.c.i.embedder.EclipseLogger - Copying 0 resource
2023-03-03 12:03:34,532 [Worker-5] WARN  o.e.m.c.i.embedder.EclipseLogger - Using platform encoding (Cp1252 actually) to copy filtered resources, i.e. build is platform dependent!
2023-03-03 12:03:34,535 [Worker-5] INFO  o.e.m.c.i.embedder.EclipseLogger - Copying 0 resource
2023-03-03 12:03:52,743 [Worker-8] WARN  o.e.m.c.i.embedder.EclipseLogger - Using platform encoding (Cp1252 actually) to copy filtered resources, i.e. build is platform dependent!
2023-03-03 12:03:52,745 [Worker-8] INFO  o.e.m.c.i.embedder.EclipseLogger - Copying 0 resource
2023-03-03 12:03:52,747 [Worker-8] WARN  o.e.m.c.i.embedder.EclipseLogger - Using platform encoding (Cp1252 actually) to copy filtered resources, i.e. build is platform dependent!
2023-03-03 12:03:52,750 [Worker-8] INFO  o.e.m.c.i.embedder.EclipseLogger - Copying 0 resource
2023-03-03 12:04:12,866 [Worker-16] WARN  o.e.m.c.i.embedder.EclipseLogger - Using platform encoding (Cp1252 actually) to copy filtered resources, i.e. build is platform dependent!
2023-03-03 12:04:12,869 [Worker-16] INFO  o.e.m.c.i.embedder.EclipseLogger - Copying 0 resource
2023-03-03 12:04:12,875 [Worker-16] WARN  o.e.m.c.i.embedder.EclipseLogger - Using platform encoding (Cp1252 actually) to copy filtered resources, i.e. build is platform dependent!
2023-03-03 12:04:12,877 [Worker-16] INFO  o.e.m.c.i.embedder.EclipseLogger - Copying 0 resource
2023-03-03 12:04:52,765 [Worker-8] WARN  o.e.m.c.i.embedder.EclipseLogger - Using platform encoding (Cp1252 actually) to copy filtered resources, i.e. build is platform dependent!
2023-03-03 12:04:52,768 [Worker-8] INFO  o.e.m.c.i.embedder.EclipseLogger - Copying 0 resource
2023-03-03 12:04:52,770 [Worker-8] WARN  o.e.m.c.i.embedder.EclipseLogger - Using platform encoding (Cp1252 actually) to copy filtered resources, i.e. build is platform dependent!
2023-03-03 12:04:52,773 [Worker-8] INFO  o.e.m.c.i.embedder.EclipseLogger - Copying 0 resource
2023-03-03 12:05:22,162 [Worker-2] WARN  o.e.m.c.i.embedder.EclipseLogger - Using platform encoding (Cp1252 actually) to copy filtered resources, i.e. build is platform dependent!
2023-03-03 12:05:22,165 [Worker-2] INFO  o.e.m.c.i.embedder.EclipseLogger - Copying 0 resource
2023-03-03 12:05:22,167 [Worker-2] WARN  o.e.m.c.i.embedder.EclipseLogger - Using platform encoding (Cp1252 actually) to copy filtered resources, i.e. build is platform dependent!
2023-03-03 12:05:22,170 [Worker-2] INFO  o.e.m.c.i.embedder.EclipseLogger - Copying 0 resource
2023-03-03 12:05:30,656 [Worker-16] WARN  o.e.m.c.i.embedder.EclipseLogger - Using platform encoding (Cp1252 actually) to copy filtered resources, i.e. build is platform dependent!
2023-03-03 12:05:30,659 [Worker-16] INFO  o.e.m.c.i.embedder.EclipseLogger - Copying 0 resource
2023-03-03 12:05:30,662 [Worker-16] WARN  o.e.m.c.i.embedder.EclipseLogger - Using platform encoding (Cp1252 actually) to copy filtered resources, i.e. build is platform dependent!
2023-03-03 12:05:30,665 [Worker-16] INFO  o.e.m.c.i.embedder.EclipseLogger - Copying 0 resource
2023-03-03 12:07:37,243 [Worker-16] WARN  o.e.m.c.i.embedder.EclipseLogger - Using platform encoding (Cp1252 actually) to copy filtered resources, i.e. build is platform dependent!
2023-03-03 12:07:37,246 [Worker-16] INFO  o.e.m.c.i.embedder.EclipseLogger - Copying 0 resource
2023-03-03 12:07:37,248 [Worker-16] WARN  o.e.m.c.i.embedder.EclipseLogger - Using platform encoding (Cp1252 actually) to copy filtered resources, i.e. build is platform dependent!
2023-03-03 12:07:37,250 [Worker-16] INFO  o.e.m.c.i.embedder.EclipseLogger - Copying 0 resource
2023-03-03 12:09:37,264 [Worker-11] WARN  o.e.m.c.i.embedder.EclipseLogger - Using platform encoding (Cp1252 actually) to copy filtered resources, i.e. build is platform dependent!
2023-03-03 12:09:37,267 [Worker-11] INFO  o.e.m.c.i.embedder.EclipseLogger - Copying 0 resource
2023-03-03 12:09:37,269 [Worker-11] WARN  o.e.m.c.i.embedder.EclipseLogger - Using platform encoding (Cp1252 actually) to copy filtered resources, i.e. build is platform dependent!
2023-03-03 12:09:37,272 [Worker-11] INFO  o.e.m.c.i.embedder.EclipseLogger - Copying 0 resource
2023-03-03 12:12:05,457 [Worker-5] WARN  o.e.m.c.i.embedder.EclipseLogger - Using platform encoding (Cp1252 actually) to copy filtered resources, i.e. build is platform dependent!
2023-03-03 12:12:05,461 [Worker-5] INFO  o.e.m.c.i.embedder.EclipseLogger - Copying 0 resource
2023-03-03 12:12:05,463 [Worker-5] WARN  o.e.m.c.i.embedder.EclipseLogger - Using platform encoding (Cp1252 actually) to copy filtered resources, i.e. build is platform dependent!
2023-03-03 12:12:05,465 [Worker-5] INFO  o.e.m.c.i.embedder.EclipseLogger - Copying 0 resource
2023-03-03 12:12:25,019 [Worker-2] WARN  o.e.m.c.i.embedder.EclipseLogger - Using platform encoding (Cp1252 actually) to copy filtered resources, i.e. build is platform dependent!
2023-03-03 12:12:25,022 [Worker-2] INFO  o.e.m.c.i.embedder.EclipseLogger - Copying 0 resource
2023-03-03 12:12:25,025 [Worker-2] WARN  o.e.m.c.i.embedder.EclipseLogger - Using platform encoding (Cp1252 actually) to copy filtered resources, i.e. build is platform dependent!
2023-03-03 12:12:25,027 [Worker-2] INFO  o.e.m.c.i.embedder.EclipseLogger - Copying 0 resource
2023-03-03 12:12:45,871 [Worker-5] WARN  o.e.m.c.i.embedder.EclipseLogger - Using platform encoding (Cp1252 actually) to copy filtered resources, i.e. build is platform dependent!
2023-03-03 12:12:45,874 [Worker-5] INFO  o.e.m.c.i.embedder.EclipseLogger - Copying 0 resource
2023-03-03 12:12:45,878 [Worker-5] WARN  o.e.m.c.i.embedder.EclipseLogger - Using platform encoding (Cp1252 actually) to copy filtered resources, i.e. build is platform dependent!
2023-03-03 12:12:45,881 [Worker-5] INFO  o.e.m.c.i.embedder.EclipseLogger - Copying 0 resource
2023-03-03 12:14:03,017 [Worker-11] WARN  o.e.m.c.i.embedder.EclipseLogger - Using platform encoding (Cp1252 actually) to copy filtered resources, i.e. build is platform dependent!
2023-03-03 12:14:03,020 [Worker-11] INFO  o.e.m.c.i.embedder.EclipseLogger - Copying 0 resource
2023-03-03 12:14:03,022 [Worker-11] WARN  o.e.m.c.i.embedder.EclipseLogger - Using platform encoding (Cp1252 actually) to copy filtered resources, i.e. build is platform dependent!
2023-03-03 12:14:03,024 [Worker-11] INFO  o.e.m.c.i.embedder.EclipseLogger - Copying 0 resource
2023-03-03 12:14:44,412 [Worker-12] WARN  o.e.m.c.i.embedder.EclipseLogger - Using platform encoding (Cp1252 actually) to copy filtered resources, i.e. build is platform dependent!
2023-03-03 12:14:44,414 [Worker-12] INFO  o.e.m.c.i.embedder.EclipseLogger - Copying 0 resource
2023-03-03 12:14:44,416 [Worker-12] WARN  o.e.m.c.i.embedder.EclipseLogger - Using platform encoding (Cp1252 actually) to copy filtered resources, i.e. build is platform dependent!
2023-03-03 12:14:44,419 [Worker-12] INFO  o.e.m.c.i.embedder.EclipseLogger - Copying 0 resource
2023-03-03 12:15:24,099 [Worker-17] WARN  o.e.m.c.i.embedder.EclipseLogger - Using platform encoding (Cp1252 actually) to copy filtered resources, i.e. build is platform dependent!
2023-03-03 12:15:24,102 [Worker-17] INFO  o.e.m.c.i.embedder.EclipseLogger - Copying 0 resource
2023-03-03 12:15:24,105 [Worker-17] WARN  o.e.m.c.i.embedder.EclipseLogger - Using platform encoding (Cp1252 actually) to copy filtered resources, i.e. build is platform dependent!
2023-03-03 12:15:24,109 [Worker-17] INFO  o.e.m.c.i.embedder.EclipseLogger - Copying 0 resource
2023-03-03 12:15:36,717 [Worker-5] WARN  o.e.m.c.i.embedder.EclipseLogger - Using platform encoding (Cp1252 actually) to copy filtered resources, i.e. build is platform dependent!
2023-03-03 12:15:36,720 [Worker-5] INFO  o.e.m.c.i.embedder.EclipseLogger - Copying 0 resource
2023-03-03 12:15:36,722 [Worker-5] WARN  o.e.m.c.i.embedder.EclipseLogger - Using platform encoding (Cp1252 actually) to copy filtered resources, i.e. build is platform dependent!
2023-03-03 12:15:36,724 [Worker-5] INFO  o.e.m.c.i.embedder.EclipseLogger - Copying 0 resource
2023-03-03 12:16:08,664 [Worker-17] WARN  o.e.m.c.i.embedder.EclipseLogger - Using platform encoding (Cp1252 actually) to copy filtered resources, i.e. build is platform dependent!
2023-03-03 12:16:08,667 [Worker-17] INFO  o.e.m.c.i.embedder.EclipseLogger - Copying 0 resource
2023-03-03 12:16:08,668 [Worker-17] WARN  o.e.m.c.i.embedder.EclipseLogger - Using platform encoding (Cp1252 actually) to copy filtered resources, i.e. build is platform dependent!
2023-03-03 12:16:08,672 [Worker-17] INFO  o.e.m.c.i.embedder.EclipseLogger - Copying 0 resource
2023-03-03 12:17:28,267 [Worker-0] WARN  o.e.m.c.i.embedder.EclipseLogger - Using platform encoding (Cp1252 actually) to copy filtered resources, i.e. build is platform dependent!
2023-03-03 12:17:28,269 [Worker-0] INFO  o.e.m.c.i.embedder.EclipseLogger - Copying 0 resource
2023-03-03 12:17:28,271 [Worker-0] WARN  o.e.m.c.i.embedder.EclipseLogger - Using platform encoding (Cp1252 actually) to copy filtered resources, i.e. build is platform dependent!
2023-03-03 12:17:28,273 [Worker-0] INFO  o.e.m.c.i.embedder.EclipseLogger - Copying 0 resource
2023-03-03 12:18:05,725 [Worker-11] WARN  o.e.m.c.i.embedder.EclipseLogger - Using platform encoding (Cp1252 actually) to copy filtered resources, i.e. build is platform dependent!
2023-03-03 12:18:05,727 [Worker-11] INFO  o.e.m.c.i.embedder.EclipseLogger - Copying 0 resource
2023-03-03 12:18:05,729 [Worker-11] WARN  o.e.m.c.i.embedder.EclipseLogger - Using platform encoding (Cp1252 actually) to copy filtered resources, i.e. build is platform dependent!
2023-03-03 12:18:05,731 [Worker-11] INFO  o.e.m.c.i.embedder.EclipseLogger - Copying 0 resource
2023-03-03 12:18:14,507 [Worker-11] WARN  o.e.m.c.i.embedder.EclipseLogger - Using platform encoding (Cp1252 actually) to copy filtered resources, i.e. build is platform dependent!
2023-03-03 12:18:14,510 [Worker-11] INFO  o.e.m.c.i.embedder.EclipseLogger - Copying 0 resource
2023-03-03 12:18:14,512 [Worker-11] WARN  o.e.m.c.i.embedder.EclipseLogger - Using platform encoding (Cp1252 actually) to copy filtered resources, i.e. build is platform dependent!
2023-03-03 12:18:14,515 [Worker-11] INFO  o.e.m.c.i.embedder.EclipseLogger - Copying 0 resource
2023-03-03 12:19:56,086 [Worker-19] WARN  o.e.m.c.i.embedder.EclipseLogger - Using platform encoding (Cp1252 actually) to copy filtered resources, i.e. build is platform dependent!
2023-03-03 12:19:56,089 [Worker-19] INFO  o.e.m.c.i.embedder.EclipseLogger - Copying 0 resource
2023-03-03 12:19:56,090 [Worker-19] WARN  o.e.m.c.i.embedder.EclipseLogger - Using platform encoding (Cp1252 actually) to copy filtered resources, i.e. build is platform dependent!
2023-03-03 12:19:56,092 [Worker-19] INFO  o.e.m.c.i.embedder.EclipseLogger - Copying 0 resource
